\BOOKMARK [0][-]{chapter.1}{\376\377\226\306\124\010\124\214\176\323\147\204}{}% 1
\BOOKMARK [1][-]{section.1.1}{\376\377\226\306\124\010\124\214\220\073\217\221}{chapter.1}% 2
\BOOKMARK [1][-]{section.1.2}{\376\377\133\120\226\306\377\014\226\306\124\010\166\204\116\244\124\214\136\166}{chapter.1}% 3
\BOOKMARK [2][-]{subsection.1.2.1}{\376\377\116\244\124\214\136\166}{section.1.2}% 4
\BOOKMARK [1][-]{section.1.3}{\376\377\173\033\123\141\134\024\171\357\124\214\121\163\174\373}{chapter.1}% 5
\BOOKMARK [2][-]{subsection.1.3.1}{\376\377\147\011\136\217\133\371\124\214\173\033\123\141\134\024\171\357}{section.1.3}% 6
\BOOKMARK [2][-]{subsection.1.3.2}{\376\377\121\163\174\373}{section.1.3}% 7
\BOOKMARK [2][-]{subsection.1.3.3}{\376\377\173\111\116\367\121\163\174\373}{section.1.3}% 8
\BOOKMARK [2][-]{subsection.1.3.4}{\376\377\136\217\121\163\174\373\124\214\120\117\136\217\226\306\124\010}{section.1.3}% 9
\BOOKMARK [1][-]{section.1.4}{\376\377\146\040\134\004}{chapter.1}% 10
\BOOKMARK [2][-]{subsection.1.4.1}{\376\377\123\125\134\004\377\014\156\341\134\004\124\214\123\314\134\004}{section.1.4}% 11
\BOOKMARK [1][-]{section.1.5}{\376\377\145\340\226\120\226\306}{chapter.1}% 12
\BOOKMARK [2][-]{subsection.1.5.1}{\376\377\123\357\145\160\226\306}{section.1.5}% 13
\BOOKMARK [2][-]{subsection.1.5.2}{\376\377\116\015\123\357\145\160\226\306}{section.1.5}% 14
\BOOKMARK [2][-]{subsection.1.5.3}{\376\377\217\336\176\355\176\337\124\214\220\011\142\351\121\154\164\006}{section.1.5}% 15
\BOOKMARK [1][-]{section.1.6}{\376\377\176\323\147\204}{chapter.1}% 16
\BOOKMARK [2][-]{subsection.1.6.1}{\376\377\116\343\145\160\176\323\147\204}{section.1.6}% 17
\BOOKMARK [2][-]{subsection.1.6.2}{\376\377\121\340\117\125\176\323\147\204}{section.1.6}% 18
\BOOKMARK [2][-]{subsection.1.6.3}{\376\377\122\250\122\233\174\373\176\337}{section.1.6}% 19
\BOOKMARK [1][-]{section.1.7}{\376\377\203\003\165\164\213\272}{chapter.1}% 20
\BOOKMARK [0][-]{chapter.2}{\376\377\177\244}{}% 21
\BOOKMARK [1][-]{section.2.1}{\376\377\177\244\213\272\166\204\121\103\175\040}{chapter.2}% 22
\BOOKMARK [1][-]{section.2.2}{\376\377\123\330\143\142\124\214\143\222\122\027\177\244}{chapter.2}% 23
\BOOKMARK [1][-]{section.2.3}{\376\377\167\351\226\065\177\244}{chapter.2}% 24
\BOOKMARK [2][-]{subsection.2.3.1}{\376\377\176\277\140\047\123\330\143\142}{section.2.3}% 25
\BOOKMARK [2][-]{subsection.2.3.2}{\376\377\167\351\226\065\177\244}{section.2.3}% 26
\BOOKMARK [1][-]{section.2.4}{\376\377\124\014\140\001\124\214\124\014\147\204}{chapter.2}% 27
\BOOKMARK [2][-]{subsection.2.4.1}{\376\377\124\014\140\001}{section.2.4}% 28
\BOOKMARK [2][-]{subsection.2.4.2}{\376\377\124\014\147\204}{section.2.4}% 29
\BOOKMARK [2][-]{subsection.2.4.3}{\376\377\201\352\124\014\147\204\124\214\121\161\217\155\174\173}{section.2.4}% 30
\BOOKMARK [1][-]{section.2.5}{\376\377\153\143\211\304\133\120\177\244\124\214\125\106\177\244}{chapter.2}% 31
\BOOKMARK [2][-]{subsection.2.5.1}{\376\377\226\152\226\306}{section.2.5}% 32
\BOOKMARK [2][-]{subsection.2.5.2}{\376\377\153\143\211\304\133\120\177\244}{section.2.5}% 33
\BOOKMARK [2][-]{subsection.2.5.3}{\376\377\125\106\177\244}{section.2.5}% 34
\BOOKMARK [2][-]{subsection.2.5.4}{\376\377\124\014\140\001\166\204\150\070}{section.2.5}% 35
\BOOKMARK [1][-]{section.2.6}{\376\377\177\244\117\134\165\050}{chapter.2}% 36
\BOOKMARK [1][-]{section.2.7}{\376\377\133\371\171\360\177\244}{chapter.2}% 37
\BOOKMARK [0][-]{chapter.3}{\376\377\124\021\221\317\172\172\225\364}{}% 38
\BOOKMARK [1][-]{section.3.1}{\376\377\163\257\124\214\127\337}{chapter.3}% 39
\BOOKMARK [1][-]{section.3.2}{\376\377\124\021\221\317\172\172\225\364}{chapter.3}% 40
\BOOKMARK [1][-]{section.3.3}{\376\377\124\021\221\317\172\172\225\364\166\204\124\014\140\001}{chapter.3}% 41
\BOOKMARK [1][-]{section.3.4}{\376\377\124\021\221\317\172\172\225\364\166\204\133\120\172\172\225\364\124\214\125\106\172\172\225\364}{chapter.3}% 42
\BOOKMARK [2][-]{subsection.3.4.1}{\376\377\116\222\210\145\133\120\172\172\225\364\124\214\125\106\172\172\225\364}{section.3.4}% 43
\BOOKMARK [2][-]{subsection.3.4.2}{\376\377\176\277\140\047\146\040\134\004\166\204\120\317\124\214\150\070}{section.3.4}% 44
\BOOKMARK [1][-]{section.3.5}{\376\377\124\021\221\317\172\172\225\364\166\204\127\372}{chapter.3}% 45
\BOOKMARK [2][-]{subsection.3.5.1}{\376\377\226\306\124\010\137\040\142\020\166\204\133\120\172\172\225\364}{section.3.5}% 46
\BOOKMARK [2][-]{subsection.3.5.2}{\376\377\124\021\221\317\172\172\225\364\166\204\127\372}{section.3.5}% 47
\BOOKMARK [2][-]{subsection.3.5.3}{\376\377\176\277\140\047\173\227\173\046\166\204\167\351\226\065}{section.3.5}% 48
\BOOKMARK [2][-]{subsection.3.5.4}{\376\377\127\372\142\151\137\040\133\232\164\006}{section.3.5}% 49
\BOOKMARK [1][-]{section.3.6}{\376\377\154\102\124\214\140\357\117\213\124\214\127\372\123\330\143\142}{chapter.3}% 50
\BOOKMARK [2][-]{subsection.3.6.1}{\376\377\154\102\124\214\140\357\117\213}{section.3.6}% 51
\BOOKMARK [2][-]{subsection.3.6.2}{\376\377\127\372\123\330\143\142}{section.3.6}% 52
\BOOKMARK [1][-]{section.3.7}{\376\377\133\371\120\166\172\172\225\364}{chapter.3}% 53
\BOOKMARK [2][-]{subsection.3.7.1}{\376\377\176\277\140\047\154\333\121\375}{section.3.7}% 54
\BOOKMARK [2][-]{subsection.3.7.2}{\376\377\176\277\140\047\172\172\225\364\166\204\133\371\120\166\172\172\225\364}{section.3.7}% 55
\BOOKMARK [2][-]{subsection.3.7.3}{\376\377\133\371\120\166\166\204\133\371\120\166}{section.3.7}% 56
\BOOKMARK [2][-]{subsection.3.7.4}{\376\377\117\131\124\021\221\317\122\006\221\317\166\204\123\330\143\142\154\325\122\031}{section.3.7}% 57
\BOOKMARK [0][-]{chapter.4}{\376\377\176\277\140\047\173\227\173\046\124\214\167\351\226\065}{}% 58
\BOOKMARK [1][-]{section.4.1}{\376\377\147\054\137\201\172\172\225\364\124\214\162\171\137\201\145\271\172\013}{chapter.4}% 59
\BOOKMARK [2][-]{subsection.4.1.1}{\376\377\116\015\123\330\133\120\172\172\225\364}{section.4.1}% 60
\BOOKMARK [2][-]{subsection.4.1.2}{\376\377\147\054\137\201\124\021\221\317\124\214\147\054\137\201\120\074}{section.4.1}% 61
\BOOKMARK [2][-]{subsection.4.1.3}{\376\377\162\171\137\201\145\271\172\013}{section.4.1}% 62
\BOOKMARK [2][-]{subsection.4.1.4}{\376\377\147\000\134\017\226\366\123\026\131\032\230\171\137\017}{section.4.1}% 63
\BOOKMARK [1][-]{section.4.2}{\376\377\176\246\137\123\150\007\121\306\137\142}{chapter.4}% 64
\BOOKMARK [2][-]{subsection.4.2.1}{\376\377\122\006\127\127\133\371\211\322\137\142}{section.4.2}% 65
\BOOKMARK [2][-]{subsection.4.2.2}{\376\377\136\102\226\366\173\227\133\120}{section.4.2}% 66
\BOOKMARK [2][-]{subsection.4.2.3}{\376\377\176\246\137\123\150\007\121\306\137\142}{section.4.2}% 67
\BOOKMARK [1][-]{section.4.3}{\376\377\176\277\140\047\136\070\137\256\122\006\145\271\172\013}{chapter.4}% 68
\BOOKMARK [2][-]{subsection.4.3.1}{\376\377\116\214\176\364\201\352\155\075\117\123\174\373}{section.4.3}% 69
\BOOKMARK [1][-]{section.4.4}{\376\377\177\244\210\150\171\072\213\272\173\200\116\313}{chapter.4}% 70
\BOOKMARK [2][-]{subsection.4.4.1}{\376\377\116\015\123\357\176\246\210\150\171\072}{section.4.4}% 71
\BOOKMARK [2][-]{subsection.4.4.2}{\376\377\202\022\134\024\137\025\164\006}{section.4.4}% 72
\BOOKMARK [0][-]{chapter.5}{\376\377\121\205\171\357\172\172\225\364}{}% 73
\BOOKMARK [1][-]{section.5.1}{\376\377\133\236\121\205\171\357\172\172\225\364}{chapter.5}% 74
\BOOKMARK [2][-]{subsection.5.1.1}{\376\377\133\236\121\205\171\357\166\204\122\006\221\317}{section.5.1}% 75
\BOOKMARK [2][-]{subsection.5.1.2}{\376\377\153\143\116\244\150\007\121\306\127\372}{section.5.1}% 76
\BOOKMARK [1][-]{section.5.2}{\376\377\131\015\121\205\171\357\172\172\225\364}{chapter.5}% 77
\BOOKMARK [2][-]{subsection.5.2.1}{\376\377\124\021\221\317\166\204\203\003\145\160}{section.5.2}% 78
\BOOKMARK [2][-]{subsection.5.2.2}{\376\377\153\143\116\244\150\007\121\306\127\372}{section.5.2}% 79
\BOOKMARK [2][-]{subsection.5.2.3}{\376\377\136\172\153\143\123\330\143\142}{section.5.2}% 80
\BOOKMARK [1][-]{section.5.3}{\376\377\147\011\226\120\177\244\166\204\210\150\171\072}{chapter.5}% 81
\BOOKMARK [2][-]{subsection.5.3.1}{\376\377\153\143\116\244\121\163\174\373}{section.5.3}% 82
\BOOKMARK [0][-]{chapter.6}{\376\377\116\343\145\160}{}% 83
\BOOKMARK [1][-]{section.6.1}{\376\377\116\343\145\160\124\214\164\006\140\363}{chapter.6}% 84
\BOOKMARK [2][-]{subsection.6.1.1}{\376\377\164\006\140\363\124\214\125\106\116\343\145\160}{section.6.1}% 85
\BOOKMARK [1][-]{section.6.2}{\376\377\131\015\145\160\124\214\131\015\176\323\147\204}{chapter.6}% 86
\BOOKMARK [2][-]{subsection.6.2.1}{\376\377\133\236\124\021\221\317\172\172\225\364\166\204\131\015\123\026}{section.6.2}% 87
\BOOKMARK [2][-]{subsection.6.2.2}{\376\377\124\021\221\317\172\172\225\364\166\204\131\015\176\323\147\204}{section.6.2}% 88
\BOOKMARK [1][-]{section.6.3}{\376\377\126\333\121\103\145\160\124\214\000C\000l\000i\000f\000f\000o\000r\000d\116\343\145\160}{chapter.6}% 89
\BOOKMARK [2][-]{subsection.6.3.1}{\376\377\126\333\121\103\145\160}{section.6.3}% 90
\BOOKMARK [2][-]{subsection.6.3.2}{\376\377\000C\000l\000i\000f\000f\000o\000r\000d\116\343\145\160}{section.6.3}% 91
\BOOKMARK [1][-]{section.6.4}{\376\377\000G\000r\000a\000s\000s\000m\000a\000n\000n\116\343\145\160}{chapter.6}% 92
\BOOKMARK [2][-]{subsection.6.4.1}{\376\377\131\032\221\315\124\021\221\317}{section.6.4}% 93
\BOOKMARK [2][-]{subsection.6.4.2}{\376\377\131\026\171\357}{section.6.4}% 94
\BOOKMARK [2][-]{subsection.6.4.3}{\376\377\131\026\171\357\166\204\140\047\215\050}{section.6.4}% 95
\BOOKMARK [1][-]{section.6.5}{\376\377\147\116\177\244\124\214\147\116\116\343\145\160}{chapter.6}% 96
\BOOKMARK [2][-]{subsection.6.5.1}{\376\377\167\351\226\065\147\116\177\244}{section.6.5}% 97
\BOOKMARK [2][-]{subsection.6.5.2}{\376\377\123\125\123\302\145\160\133\120\177\244}{section.6.5}% 98
\BOOKMARK [2][-]{subsection.6.5.3}{\376\377\131\015\147\116\116\343\145\160}{section.6.5}% 99
\BOOKMARK [0][-]{chapter.7}{\376\377\137\040\221\317}{}% 100
\BOOKMARK [1][-]{section.7.1}{\376\377\201\352\165\061\124\021\221\317\172\172\225\364\124\214\137\040\221\317\172\172\225\364}{chapter.7}% 101
\BOOKMARK [2][-]{subsection.7.1.1}{\376\377\201\352\165\061\124\021\221\317\172\172\225\364}{section.7.1}% 102
\BOOKMARK [2][-]{subsection.7.1.2}{\376\377\137\040\221\317\127\372}{section.7.1}% 103
\BOOKMARK [2][-]{subsection.7.1.3}{\376\377\137\040\221\317\171\357\166\204\133\371\120\166\210\150\171\072}{section.7.1}% 104
\BOOKMARK [2][-]{subsection.7.1.4}{\376\377\201\352\165\061\176\323\124\010\116\343\145\160}{section.7.1}% 105
\BOOKMARK [2][-]{subsection.7.1.5}{\376\377\000G\000r\000a\000s\000m\000a\000n\000n\116\343\145\160\117\134\116\072\201\352\165\061\116\343\145\160\166\204\125\106\116\343\145\160}{section.7.1}% 106
\BOOKMARK [1][-]{section.7.2}{\376\377\131\032\176\277\140\047\146\040\134\004\124\214\137\040\221\317}{chapter.7}% 107
\BOOKMARK [2][-]{subsection.7.2.1}{\376\377\131\032\221\315\176\277\140\047\146\040\134\004\124\214\000\050\000r\000,\000s\000\051\127\213\137\040\221\317}{section.7.2}% 108
\BOOKMARK [2][-]{subsection.7.2.2}{\376\377\116\214\226\066\123\117\123\330\137\040\221\317}{section.7.2}% 109
\BOOKMARK [2][-]{subsection.7.2.3}{\376\377\116\214\226\066\220\006\123\330\137\040\221\317}{section.7.2}% 110
\BOOKMARK [2][-]{subsection.7.2.4}{\376\377\155\367\124\010\137\040\221\317}{section.7.2}% 111
\BOOKMARK [1][-]{section.7.3}{\376\377\137\040\221\317\166\204\127\372\210\150\171\072}{chapter.7}% 112
\BOOKMARK [2][-]{subsection.7.3.1}{\376\377\137\040\221\317\171\357}{section.7.3}% 113
\BOOKMARK [2][-]{subsection.7.3.2}{\376\377\127\372\123\330\143\142}{section.7.3}% 114
\BOOKMARK [1][-]{section.7.4}{\376\377\137\040\221\317\166\204\117\134\165\050}{chapter.7}% 115
\BOOKMARK [2][-]{subsection.7.4.1}{\376\377\177\051\136\166}{section.7.4}% 116
\BOOKMARK [2][-]{subsection.7.4.2}{\376\377\123\107\232\330\226\115\117\116\143\007\150\007}{section.7.4}% 117
\BOOKMARK [2][-]{subsection.7.4.3}{\376\377\133\371\171\360\140\047}{section.7.4}% 118
\BOOKMARK [0][-]{chapter.8}{\376\377\131\026\116\343\145\160}{}% 119
\BOOKMARK [1][-]{section.8.1}{\376\377\000r\000-\124\021\221\317\124\214\000r\000-\137\142\137\017}{chapter.8}% 120
\BOOKMARK [2][-]{subsection.8.1.1}{\376\377\173\227\173\046\000A\166\204\123\315\133\371\171\360\123\026}{section.8.1}% 121
\BOOKMARK [1][-]{section.8.2}{\376\377\000r\000-\124\021\221\317\166\204\127\372\210\150\171\072}{chapter.8}% 122
\BOOKMARK [1][-]{section.8.3}{\376\377\131\026\171\357}{chapter.8}% 123
\BOOKMARK [2][-]{subsection.8.3.1}{\376\377\173\200\123\125\000p\000-\124\021\221\317\123\312\121\166\133\120\172\172\225\364}{section.8.3}% 124
\BOOKMARK [1][-]{section.8.4}{\376\377\121\205\171\357}{chapter.8}% 125
\BOOKMARK [1][-]{section.8.5}{\376\377\133\232\124\021\166\204\124\021\221\317\172\172\225\364}{chapter.8}% 126
\BOOKMARK [2][-]{subsection.8.5.1}{\376\377\000n\000-\124\021\221\317\124\214\000n\000-\137\142\137\017}{section.8.5}% 127
\BOOKMARK [2][-]{subsection.8.5.2}{\376\377\000n\000-\124\021\221\317\124\214\000n\000-\137\142\137\017\166\204\123\330\143\142\154\325\122\031}{section.8.5}% 128
\BOOKMARK [2][-]{subsection.8.5.3}{\376\377\147\011\124\021\166\204\124\021\221\317\172\172\225\364}{section.8.5}% 129
\BOOKMARK [2][-]{subsection.8.5.4}{\376\377\000-\173\046\123\367}{section.8.5}% 130
\BOOKMARK [1][-]{section.8.6}{\376\377\000H\000o\000d\000g\000e\133\371\120\166}{chapter.8}% 131
\BOOKMARK [2][-]{subsection.8.6.1}{\376\377\000p\000-\124\021\221\317\166\204\121\205\171\357}{section.8.6}% 132
\BOOKMARK [2][-]{subsection.8.6.2}{\376\377\000H\000o\000d\000g\000e\146\037\173\227\133\120}{section.8.6}% 133
\BOOKMARK [0][-]{chapter.9}{\376\377\162\355\116\111\166\370\133\371\213\272}{}% 134
\BOOKMARK [1][-]{section.9.1}{\376\377\225\365\123\357\131\053\145\257\127\372\145\366\172\172}{chapter.9}% 135
\BOOKMARK [2][-]{subsection.9.1.1}{\376\377\136\236\122\240\203\261\124\214\155\033\117\046\121\171\123\330\143\142}{section.9.1}% 136
\BOOKMARK [2][-]{subsection.9.1.2}{\376\377\116\377\134\004\121\340\117\125}{section.9.1}% 137
\BOOKMARK [2][-]{subsection.9.1.3}{\376\377\225\365\123\357\131\053\145\257\127\372\172\172\225\364\124\214\0004\000-\137\040\221\317}{section.9.1}% 138
\BOOKMARK [1][-]{section.9.2}{\376\377\162\355\116\111\166\370\133\371\213\272\217\320\122\250\133\146}{chapter.9}% 139
\BOOKMARK [2][-]{subsection.9.2.1}{\376\377\162\355\116\111\155\033\117\046\121\171\123\330\143\142}{section.9.2}% 140
\BOOKMARK [2][-]{subsection.9.2.2}{\376\377\145\366\225\364\377\014\137\040\136\246\377\014\220\037\136\246\166\204\166\370\133\371\140\047}{section.9.2}% 141
\BOOKMARK [1][-]{section.9.3}{\376\377\174\222\133\120\122\250\122\233\133\146}{chapter.9}% 142
\BOOKMARK [2][-]{subsection.9.3.1}{\376\377\116\026\165\114\176\277\124\214\126\372\147\011\145\366}{section.9.3}% 143
\BOOKMARK [2][-]{subsection.9.3.2}{\376\377\166\370\133\371\213\272\140\047\174\222\133\120\122\250\122\233\133\146}{section.9.3}% 144
\BOOKMARK [1][-]{section.9.4}{\376\377\165\065\122\250\122\233\133\146}{chapter.9}% 145
\BOOKMARK [2][-]{subsection.9.4.1}{\376\377\0004\000-\137\040\221\317\127\072}{section.9.4}% 146
\BOOKMARK [2][-]{subsection.9.4.2}{\376\377\165\065\170\301\133\146}{section.9.4}% 147
\BOOKMARK [2][-]{subsection.9.4.3}{\376\377\122\277\124\214\211\304\203\003\123\330\143\142}{section.9.4}% 148
\BOOKMARK [1][-]{section.9.5}{\376\377\133\210\140\122\133\232\137\213\124\214\200\375\122\250\137\040\221\317}{chapter.9}% 149
\BOOKMARK [2][-]{subsection.9.5.1}{\376\377\165\065\203\167\133\210\140\122}{section.9.5}% 150
\BOOKMARK [2][-]{subsection.9.5.2}{\376\377\200\375\122\250\137\040\221\317}{section.9.5}% 151
\BOOKMARK [0][-]{chapter.10}{\376\377\142\323\142\121}{}% 152
\BOOKMARK [1][-]{section.10.1}{\376\377\153\047\154\017\142\323\142\121}{chapter.10}% 153
\BOOKMARK [1][-]{section.10.2}{\376\377\136\177\116\111\142\323\142\121\172\172\225\364}{chapter.10}% 154
\BOOKMARK [1][-]{section.10.3}{\376\377\167\351\226\065\172\172\225\364}{chapter.10}% 155
\BOOKMARK [1][-]{section.10.4}{\376\377\213\361\133\374\142\323\142\121}{chapter.10}% 156
\BOOKMARK [2][-]{subsection.10.4.1}{\376\377\213\361\133\374\142\323\142\121\124\214\142\323\142\121\116\130\171\357}{section.10.4}% 157
\BOOKMARK [2][-]{subsection.10.4.2}{\376\377\124\014\123\026\142\323\142\121}{section.10.4}% 158
\BOOKMARK [1][-]{section.10.5}{\376\377\214\152\145\257\131\032\131\053\172\172\225\364}{chapter.10}% 159
\BOOKMARK [1][-]{section.10.6}{\376\377\175\047\172\172\225\364}{chapter.10}% 160
\BOOKMARK [1][-]{section.10.7}{\376\377\217\336\220\032\172\172\225\364}{chapter.10}% 161
\BOOKMARK [1][-]{section.10.8}{\376\377\142\323\142\121\177\244}{chapter.10}% 162
\BOOKMARK [2][-]{subsection.10.8.1}{\376\377\123\125\117\115\121\103\166\204\217\336\220\032\122\006\221\317}{section.10.8}% 163
\BOOKMARK [1][-]{section.10.9}{\376\377\142\323\142\121\124\021\221\317\172\172\225\364}{chapter.10}% 164
\BOOKMARK [2][-]{subsection.10.9.1}{\376\377\135\364\142\377\215\153\172\172\225\364}{section.10.9}% 165
\BOOKMARK [0][-]{chapter.11}{\376\377\155\113\136\246\213\272\124\214\171\357\122\006}{}% 166
\BOOKMARK [1][-]{section.11.1}{\376\377\123\357\155\113\172\172\225\364\124\214\121\375\145\160}{chapter.11}% 167
\BOOKMARK [2][-]{subsection.11.1.1}{\376\377\123\357\155\113\172\172\225\364}{section.11.1}% 168
\BOOKMARK [2][-]{subsection.11.1.2}{\376\377\123\357\155\113\121\375\145\160}{section.11.1}% 169
\BOOKMARK [1][-]{section.11.2}{\376\377\155\113\136\246\172\172\225\364}{chapter.11}% 170
\BOOKMARK [2][-]{subsection.11.2.1}{\376\377\122\322\215\035\150\074\155\113\136\246}{section.11.2}% 171
\BOOKMARK [1][-]{section.11.3}{\376\377\122\322\215\035\150\074\171\357\122\006}{chapter.11}% 172
\BOOKMARK [2][-]{subsection.11.3.1}{\376\377\122\322\215\035\150\074\143\247\122\066\145\066\145\133\133\232\164\006}{section.11.3}% 173
\BOOKMARK [0][-]{chapter.12}{\376\377\122\006\136\003}{}% 174
\BOOKMARK [1][-]{section.12.1}{\376\377\155\113\213\325\121\375\145\160\124\214\122\006\136\003}{chapter.12}% 175
\BOOKMARK [2][-]{subsection.12.1.1}{\376\377\155\113\213\325\121\375\145\160\172\172\225\364}{section.12.1}% 176
\BOOKMARK [2][-]{subsection.12.1.2}{\376\377\122\006\136\003}{section.12.1}% 177
\BOOKMARK [2][-]{subsection.12.1.3}{\376\377\153\143\211\304\122\006\136\003}{section.12.1}% 178
\BOOKMARK [1][-]{section.12.2}{\376\377\122\006\136\003\116\012\166\204\173\227\173\046}{chapter.12}% 179
\BOOKMARK [2][-]{subsection.12.2.1}{\376\377\122\006\136\003\166\204\137\256\122\006}{section.12.2}% 180
\BOOKMARK [2][-]{subsection.12.2.2}{\376\377\000-\121\375\145\160\166\204\123\330\221\317\116\343\143\142}{section.12.2}% 181
\BOOKMARK [1][-]{section.12.3}{\376\377\120\205\172\313\123\366\123\330\143\142}{chapter.12}% 182
\BOOKMARK [1][-]{section.12.4}{\376\377\150\074\147\227\121\375\145\160}{chapter.12}% 183
\BOOKMARK [2][-]{subsection.12.4.1}{\376\377\147\317\147\176\145\271\172\013}{section.12.4}% 184
\BOOKMARK [2][-]{subsection.12.4.2}{\376\377\154\342\122\250\145\271\172\013\166\204\150\074\147\227\121\375\145\160}{section.12.4}% 185
\BOOKMARK [0][-]{chapter.13}{\376\377\136\014\134\024\117\057\162\171\172\172\225\364}{}% 186
\BOOKMARK [1][-]{section.13.1}{\376\377\133\232\116\111\124\214\117\213\133\120}{chapter.13}% 187
\BOOKMARK [1][-]{section.13.2}{\376\377\142\151\137\040\133\232\164\006}{chapter.13}% 188
\BOOKMARK [2][-]{subsection.13.2.1}{\376\377\133\120\172\172\225\364}{section.13.2}% 189
\BOOKMARK [2][-]{subsection.13.2.2}{\376\377\153\143\116\244\150\007\121\306\127\372}{section.13.2}% 190
\BOOKMARK [1][-]{section.13.3}{\376\377\176\277\140\047\154\333\121\375}{chapter.13}% 191
\BOOKMARK [2][-]{subsection.13.3.1}{\376\377\153\143\116\244\133\120\172\172\225\364}{section.13.3}% 192
\BOOKMARK [2][-]{subsection.13.3.2}{\376\377\000R\000i\000e\000s\000z\210\150\171\072\133\232\164\006}{section.13.3}% 193
\BOOKMARK [1][-]{section.13.4}{\376\377\147\011\165\114\176\277\140\047\173\227\173\046}{chapter.13}% 194
\BOOKMARK [2][-]{subsection.13.4.1}{\376\377\117\064\226\217\173\227\173\046}{section.13.4}% 195
\BOOKMARK [2][-]{subsection.13.4.2}{\376\377\124\310\133\306\230\177\173\227\173\046}{section.13.4}% 196
\BOOKMARK [2][-]{subsection.13.4.3}{\376\377\136\172\153\143\173\227\173\046}{section.13.4}% 197
\BOOKMARK [1][-]{section.13.5}{\376\377\214\061\164\006\213\272}{chapter.13}% 198
\BOOKMARK [2][-]{subsection.13.5.1}{\376\377\147\054\137\201\124\021\221\317}{section.13.5}% 199
\BOOKMARK [2][-]{subsection.13.5.2}{\376\377\147\011\165\114\173\227\173\046\166\204\214\061}{section.13.5}% 200
\BOOKMARK [2][-]{subsection.13.5.3}{\376\377\124\310\133\306\230\177\173\227\173\046\166\204\214\061}{section.13.5}% 201
\BOOKMARK [1][-]{section.13.6}{\376\377\145\340\165\114\173\227\173\046}{chapter.13}% 202
\BOOKMARK [2][-]{subsection.13.6.1}{\376\377\201\352\117\064\124\214\133\371\171\360\173\227\173\046}{section.13.6}% 203
\BOOKMARK [2][-]{subsection.13.6.2}{\376\377\145\340\165\114\173\227\173\046\166\204\214\061}{section.13.6}% 204
\BOOKMARK [0][-]{chapter.14}{\376\377\221\317\133\120\122\233\133\146}{}% 205
\BOOKMARK [1][-]{section.14.1}{\376\377\127\372\147\054\151\202\137\365}{chapter.14}% 206
\BOOKMARK [2][-]{subsection.14.1.1}{\376\377\121\111\133\120\120\117\143\057\133\236\232\214}{section.14.1}% 207
\BOOKMARK [2][-]{subsection.14.1.2}{\376\377\140\001\166\204\136\014\134\024\117\057\162\171\172\172\225\364}{section.14.1}% 208
\BOOKMARK [2][-]{subsection.14.1.3}{\376\377\123\357\211\302\155\113\221\317}{section.14.1}% 209
\BOOKMARK [2][-]{subsection.14.1.4}{\376\377\221\317\133\120\122\233\133\146\116\055\166\204\145\340\165\114\173\227\173\046}{section.14.1}% 210
\BOOKMARK [1][-]{section.14.2}{\376\377\221\317\133\120\122\250\122\233\133\146}{chapter.14}% 211
\BOOKMARK [2][-]{subsection.14.2.1}{\376\377\155\167\150\356\130\041\126\376\146\157}{section.14.2}% 212
\BOOKMARK [2][-]{subsection.14.2.2}{\376\377\176\317\121\170\122\233\133\146\124\214\154\342\122\250\122\233\133\146\166\204\133\371\136\224\121\163\174\373}{section.14.2}% 213
\BOOKMARK [2][-]{subsection.14.2.3}{\376\377\214\020\143\057\133\120}{section.14.2}% 214
\BOOKMARK [2][-]{subsection.14.2.4}{\376\377\211\322\122\250\221\317}{section.14.2}% 215
\BOOKMARK [1][-]{section.14.3}{\376\377\133\371\171\360\123\330\143\142}{chapter.14}% 216
\BOOKMARK [2][-]{subsection.14.3.1}{\376\377\145\340\172\167\134\017\165\037\142\020\121\103}{section.14.3}% 217
\BOOKMARK [2][-]{subsection.14.3.2}{\376\377\174\222\133\120\145\160\133\210\140\122}{section.14.3}% 218
\BOOKMARK [2][-]{subsection.14.3.3}{\376\377\171\273\145\143\133\371\171\360\140\047}{section.14.3}% 219
\BOOKMARK [2][-]{subsection.14.3.4}{\376\377\121\150\124\014\174\222\133\120}{section.14.3}% 220
\BOOKMARK [1][-]{section.14.4}{\376\377\221\317\133\120\176\337\213\241\122\233\133\146}{chapter.14}% 221
\BOOKMARK [2][-]{subsection.14.4.1}{\376\377\133\306\136\246\173\227\173\046}{section.14.4}% 222
\BOOKMARK [2][-]{subsection.14.4.2}{\376\377\174\373\176\374}{section.14.4}% 223
\BOOKMARK [2][-]{subsection.14.4.3}{\376\377\121\150\124\014\174\222\133\120\117\123\174\373}{section.14.4}% 224
\BOOKMARK [0][-]{chapter.15}{\376\377\137\256\122\006\121\340\117\125}{}% 225
\BOOKMARK [1][-]{section.15.1}{\376\377\123\357\137\256\155\101\137\142}{chapter.15}% 226
\BOOKMARK [1][-]{section.15.2}{\376\377\123\357\137\256\146\040\134\004\124\214\146\362\176\277}{chapter.15}% 227
\BOOKMARK [1][-]{section.15.3}{\376\377\122\007\172\172\225\364\377\014\117\131\122\007\172\172\225\364\124\214\137\040\221\317\172\172\225\364}{chapter.15}% 228
\BOOKMARK [2][-]{subsection.15.3.1}{\376\377\122\007\167\342\221\317}{section.15.3}% 229
\BOOKMARK [2][-]{subsection.15.3.2}{\376\377\117\131\122\007\172\172\225\364\124\214\137\040\221\317\172\172\225\364}{section.15.3}% 230
\BOOKMARK [2][-]{subsection.15.3.3}{\376\377\124\021\221\317\124\214\137\040\221\317\127\072}{section.15.3}% 231
\BOOKMARK [2][-]{subsection.15.3.4}{\376\377\127\120\150\007\123\330\143\142}{section.15.3}% 232
\BOOKMARK [2][-]{subsection.15.3.5}{\376\377\137\040\221\317\116\033}{section.15.3}% 233
\BOOKMARK [1][-]{section.15.4}{\376\377\122\007\146\040\134\004\124\214\133\120\155\101\137\142}{chapter.15}% 234
\BOOKMARK [2][-]{subsection.15.4.1}{\376\377\122\007\146\040\134\004\124\214\146\040\134\004\166\204\142\311\126\336}{section.15.4}% 235
\BOOKMARK [2][-]{subsection.15.4.2}{\376\377\133\120\155\101\137\142}{section.15.4}% 236
\BOOKMARK [1][-]{section.15.5}{\376\377\133\371\146\023\133\120\377\014\155\101\124\214\147\116\133\374\145\160}{chapter.15}% 237
\BOOKMARK [2][-]{subsection.15.5.1}{\376\377\133\371\146\023\133\120}{section.15.5}% 238
\BOOKMARK [2][-]{subsection.15.5.2}{\376\377\171\357\122\006\146\362\176\277\124\214\155\101}{section.15.5}% 239
\BOOKMARK [1][-]{section.15.6}{\376\377\122\006\136\003\124\214\000F\000r\000o\000b\000e\000n\000i\000u\000s\133\232\164\006}{chapter.15}% 240
\BOOKMARK [0][-]{chapter.16}{\376\377\123\357\137\256\137\142\137\017}{}% 241
\BOOKMARK [1][-]{section.16.1}{\376\377\137\256\122\006\137\142\137\017\124\214\131\026\133\374\145\160}{chapter.16}% 242
\BOOKMARK [1][-]{section.16.2}{\376\377\131\026\133\374\145\160\166\204\140\047\215\050}{chapter.16}% 243
\BOOKMARK [1][-]{section.16.3}{\376\377\000F\000r\000o\000b\000e\000n\000i\000u\000s\133\232\164\006\377\032\133\371\120\166\137\142\137\017}{chapter.16}% 244
\BOOKMARK [1][-]{section.16.4}{\376\377\160\355\122\233\133\146}{chapter.16}% 245
\BOOKMARK [2][-]{subsection.16.4.1}{\376\377\160\355\122\233\133\146\173\054\116\214\133\232\137\213}{section.16.4}% 246
\BOOKMARK [2][-]{subsection.16.4.2}{\376\377\176\335\133\371\161\265\124\214\156\051\136\246}{section.16.4}% 247
\BOOKMARK [1][-]{section.16.5}{\376\377\176\317\121\170\122\233\133\146}{chapter.16}% 248
\BOOKMARK [2][-]{subsection.16.5.1}{\376\377\123\330\122\006\133\146}{section.16.5}% 249
\BOOKMARK [2][-]{subsection.16.5.2}{\376\377\142\311\150\074\147\027\145\345\122\233\133\146}{section.16.5}% 250
\BOOKMARK [2][-]{subsection.16.5.3}{\376\377\124\310\133\306\230\177\122\233\133\146}{section.16.5}% 251
\BOOKMARK [2][-]{subsection.16.5.4}{\376\377\142\311\150\074\147\027\145\345\122\233\133\146\124\214\124\310\133\306\230\177\122\233\133\146\116\113\225\364\166\204\200\124\174\373}{section.16.5}% 252
\BOOKMARK [0][-]{chapter.17}{\376\377\155\101\137\142\116\012\166\204\171\357\122\006}{}% 253
\BOOKMARK [1][-]{section.17.1}{\376\377\123\125\117\115\122\006\211\343}{chapter.17}% 254
\BOOKMARK [1][-]{section.17.2}{\376\377\000n\000-\137\142\137\017\166\204\171\357\122\006}{chapter.17}% 255
\BOOKMARK [1][-]{section.17.3}{\376\377\000s\000t\000o\000k\000e\000s\133\232\164\006}{chapter.17}% 256
\BOOKMARK [2][-]{subsection.17.3.1}{\376\377\136\070\211\304\133\232\116\111\127\337}{section.17.3}% 257
\BOOKMARK [1][-]{section.17.4}{\376\377\124\014\214\003\124\214\116\012\124\014\214\003}{chapter.17}% 258
\BOOKMARK [2][-]{subsection.17.4.1}{\376\377\147\011\136\217\123\125\176\257\137\142\124\214\153\047\154\017\172\172\225\364\116\055\166\204\224\376}{section.17.4}% 259
\BOOKMARK [2][-]{subsection.17.4.2}{\376\377\155\101\137\142\116\012\166\204\123\125\176\257\124\014\214\003}{section.17.4}% 260
\BOOKMARK [2][-]{subsection.17.4.3}{\376\377\000D\000e\000\040\000R\000h\000a\000m\116\012\124\014\214\003\177\244\124\214\133\371\120\166\140\047}{section.17.4}% 261
\BOOKMARK [1][-]{section.17.5}{\376\377\136\236\122\240\203\261\137\025\164\006}{chapter.17}% 262
\BOOKMARK [2][-]{subsection.17.5.1}{\376\377\165\065\122\250\122\233\133\146}{section.17.5}% 263
\BOOKMARK [0][-]{chapter.18}{\376\377\200\124\176\334\124\214\146\362\163\207}{}% 264
\BOOKMARK [1][-]{section.18.1}{\376\377\176\277\140\047\200\124\176\334\124\214\155\113\127\060\176\277}{chapter.18}% 265
\BOOKMARK [2][-]{subsection.18.1.1}{\376\377\127\120\150\007\123\330\143\142}{section.18.1}% 266
\BOOKMARK [1][-]{section.18.2}{\376\377\137\040\221\317\127\072\166\204\123\117\123\330\133\374\145\160}{chapter.18}% 267
\BOOKMARK [1][-]{section.18.3}{\376\377\146\362\163\207\124\214\143\040\163\207}{chapter.18}% 268
\BOOKMARK [2][-]{subsection.18.3.1}{\376\377\143\040\163\207\137\040\221\317}{section.18.3}% 269
\BOOKMARK [2][-]{subsection.18.3.2}{\376\377\146\362\163\207\137\040\221\317}{section.18.3}% 270
\BOOKMARK [1][-]{section.18.4}{\376\377\117\052\236\316\146\374\155\101\137\142}{chapter.18}% 271
\BOOKMARK [2][-]{subsection.18.4.1}{\376\377\236\316\146\374\200\124\176\334}{section.18.4}% 272
\BOOKMARK [2][-]{subsection.18.4.2}{\376\377\155\113\127\060\127\120\150\007}{section.18.4}% 273
\BOOKMARK [1][-]{section.18.5}{\376\377\155\113\127\060\120\117\171\273\145\271\172\013}{chapter.18}% 274
\BOOKMARK [1][-]{section.18.6}{\376\377\236\316\146\374\137\040\221\317\123\312\121\166\133\371\171\360\140\047}{chapter.18}% 275
\BOOKMARK [2][-]{subsection.18.6.1}{\376\377\153\324\133\211\127\372\140\122\173\111\137\017}{section.18.6}% 276
\BOOKMARK [1][-]{section.18.7}{\376\377\126\011\137\123\150\007\121\306\137\142}{chapter.18}% 277
\BOOKMARK [2][-]{subsection.18.7.1}{\376\377\126\011\137\123\150\007\121\306\137\142\116\055\166\204\117\052\236\316\146\374\172\172\225\364}{section.18.7}% 278
\BOOKMARK [2][-]{subsection.18.7.2}{\376\377\134\100\127\337\136\163\166\364\172\172\225\364}{section.18.7}% 279
\BOOKMARK [1][-]{section.18.8}{\376\377\136\177\116\111\166\370\133\371\213\272}{chapter.18}% 280
\BOOKMARK [2][-]{subsection.18.8.1}{\376\377\173\111\145\110\123\237\164\006}{section.18.8}% 281
\BOOKMARK [2][-]{subsection.18.8.2}{\376\377\136\177\116\111\166\370\133\371\213\272\166\204\127\372\147\054\120\107\213\276}{section.18.8}% 282
\BOOKMARK [2][-]{subsection.18.8.3}{\376\377\146\362\163\207\137\040\221\317\166\204\155\113\221\317}{section.18.8}% 283
\BOOKMARK [2][-]{subsection.18.8.4}{\376\377\176\277\140\047\217\321\117\074}{section.18.8}% 284
\BOOKMARK [2][-]{subsection.18.8.5}{\376\377\123\362\164\346\211\177\211\343}{section.18.8}% 285
\BOOKMARK [1][-]{section.18.9}{\376\377\133\207\133\231\133\146}{chapter.18}% 286
\BOOKMARK [1][-]{section.18.10}{\376\377\145\366\172\172\166\204\123\330\122\006\123\237\164\006}{chapter.18}% 287
\BOOKMARK [2][-]{subsection.18.10.1}{\376\377\136\014\134\024\117\057\162\171\117\134\165\050\221\317}{section.18.10}% 288
\BOOKMARK [2][-]{subsection.18.10.2}{\376\377\127\072\166\204\200\375\122\250\137\040\221\317}{section.18.10}% 289
\BOOKMARK [0][-]{chapter.19}{\376\377\147\116\177\244\124\214\147\116\116\343\145\160}{}% 290
\BOOKMARK [1][-]{section.19.1}{\376\377\147\116\177\244}{chapter.19}% 291
\BOOKMARK [2][-]{subsection.19.1.1}{\376\377\135\346\116\015\123\330\124\021\221\317\127\072}{section.19.1}% 292
\BOOKMARK [2][-]{subsection.19.1.2}{\376\377\147\116\177\244\166\204\147\116\116\343\145\160}{section.19.1}% 293
\BOOKMARK [2][-]{subsection.19.1.3}{\376\377\000M\000a\000u\000r\000e\000r\000-\000C\000a\000r\000t\000a\000n\121\163\174\373}{section.19.1}% 294
\BOOKMARK [1][-]{section.19.2}{\376\377\143\007\145\160\146\040\134\004}{chapter.19}% 295
\BOOKMARK [2][-]{subsection.19.2.1}{\376\377\143\007\145\160\146\040\134\004}{section.19.2}% 296
\BOOKMARK [1][-]{section.19.3}{\376\377\147\116\133\120\177\244}{chapter.19}% 297
\BOOKMARK [2][-]{subsection.19.3.1}{\376\377\167\351\226\065\147\116\177\244}{section.19.3}% 298
\BOOKMARK [1][-]{section.19.4}{\376\377\147\116\177\244\166\204\123\330\143\142}{chapter.19}% 299
\BOOKMARK [2][-]{subsection.19.4.1}{\376\377\153\143\211\304\133\120\177\244}{section.19.4}% 300
\BOOKMARK [1][-]{section.19.5}{\376\377\117\335\136\246\211\304\177\244}{chapter.19}% 301
\BOOKMARK [2][-]{subsection.19.5.1}{\376\377\164\003\133\371\171\360}{section.19.5}% 302
