\BOOKMARK [0][-]{chapter.1}{\376\377\116\026\165\114\167\342\221\317\124\214\201\352\145\313\167\342\221\317\166\204\121\340\117\125}{}% 1
\BOOKMARK [1][-]{section.1.1}{\376\377\000M\000i\000n\000k\000o\000w\000s\000k\000i\167\342\221\317\172\172\225\364}{chapter.1}% 2
\BOOKMARK [1][-]{section.1.2}{\376\377\174\173\121\111\145\271\124\021\124\214\201\352\145\313\123\330\143\142}{chapter.1}% 3
\BOOKMARK [1][-]{section.1.3}{\376\377\155\033\117\046\121\171\123\330\143\142\166\204\116\000\116\233\140\047\215\050}{chapter.1}% 4
\BOOKMARK [1][-]{section.1.4}{\376\377\226\366\150\007\124\214\201\352\145\313\167\342\221\317}{chapter.1}% 5
\BOOKMARK [1][-]{section.1.5}{\376\377\145\313\221\317\133\371\214\141\124\214\201\352\145\313\176\323\147\204}{chapter.1}% 6
\BOOKMARK [1][-]{section.1.6}{\376\377\145\313\221\317\173\227\173\046\166\204\121\340\117\125}{chapter.1}% 7
\BOOKMARK [0][-]{chapter.2}{\376\377\142\275\214\141\143\007\150\007\124\214\145\313\221\317\116\343\145\160}{}% 8
\BOOKMARK [1][-]{section.2.1}{\376\377\142\275\214\141\143\007\150\007\145\271\154\325\166\204\122\250\147\072}{chapter.2}% 9
\BOOKMARK [1][-]{section.2.2}{\376\377\137\040\221\317\116\343\145\160\166\204\142\275\214\141\143\007\150\007\137\142\137\017}{chapter.2}% 10
\BOOKMARK [1][-]{section.2.3}{\376\377\127\372}{chapter.2}% 11
\BOOKMARK [1][-]{section.2.4}{\376\377\155\101\137\142\116\012\000G\166\204\121\150\220\350\201\352\123\315\140\047}{chapter.2}% 12
\BOOKMARK [1][-]{section.2.5}{\376\377\145\313\221\317\116\343\145\160}{chapter.2}% 13
\BOOKMARK [0][-]{chapter.3}{\376\377\145\313\221\317\124\214\116\026\165\114\137\040\221\317}{}% 14
\BOOKMARK [1][-]{section.3.1}{\376\377\116\026\165\114\137\040\221\317\117\134\116\072\145\313\221\317}{chapter.3}% 15
\BOOKMARK [1][-]{section.3.2}{\376\377\226\366\150\007\124\214\131\015\174\173\121\111\167\342\221\317}{chapter.3}% 16
\BOOKMARK [1][-]{section.3.3}{\376\377\133\371\171\360\173\227\173\046}{chapter.3}% 17
\BOOKMARK [1][-]{section.3.4}{\376\377\145\313\221\317\173\227\173\046\166\204\137\040\221\317\210\150\171\072}{chapter.3}% 18
\BOOKMARK [1][-]{section.3.5}{\376\377\127\050\124\014\116\000\211\302\160\271\116\013\137\040\221\317\124\214\145\313\221\317\166\204\173\200\123\125\116\073\137\040}{chapter.3}% 19
\BOOKMARK [1][-]{section.3.6}{\376\377\155\033\117\046\121\171\123\330\143\142}{chapter.3}% 20
\BOOKMARK [0][-]{chapter.4}{\376\377\137\256\122\006\124\214\146\362\163\207}{}% 21
\BOOKMARK [1][-]{section.4.1}{\376\377\155\101\137\142}{chapter.4}% 22
\BOOKMARK [1][-]{section.4.2}{\376\377\123\117\123\330\133\374\145\160}{chapter.4}% 23
\BOOKMARK [1][-]{section.4.3}{\376\377\200\124\176\334\117\235\215\126\166\204\133\374\145\160}{chapter.4}% 24
\BOOKMARK [1][-]{section.4.4}{\376\377\145\313\221\317\166\204\137\256\122\006}{chapter.4}% 25
\BOOKMARK [1][-]{section.4.5}{\376\377\145\313\221\317\122\006\221\317\166\204\137\256\122\006}{chapter.4}% 26
\BOOKMARK [1][-]{section.4.6}{\376\377\146\362\163\207\145\313\221\317}{chapter.4}% 27
\BOOKMARK [1][-]{section.4.7}{\376\377\000E\000i\000n\000s\000t\000e\000i\000n\000-\000C\000a\000r\000t\000a\000n\000-\000S\000c\000i\000a\000m\000a\000-\000K\000i\000b\000b\000l\000e\164\006\213\272\166\204\145\313\221\317\210\150\217\276}{chapter.4}% 28
\BOOKMARK [1][-]{section.4.8}{\376\377\000W\000e\000y\000l\137\040\221\317\124\214\000B\000e\000l\000-\000R\000o\000b\000i\000n\000s\000o\000n\137\040\221\317}{chapter.4}% 29
\BOOKMARK [1][-]{section.4.9}{\376\377\133\371\146\023\133\120\166\204\145\313\221\317\137\142\137\017}{chapter.4}% 30
\BOOKMARK [1][-]{section.4.10}{\376\377\000B\000i\000a\000n\000c\000h\000i\140\122\173\111\137\017\166\204\145\313\221\317\137\142\137\017}{chapter.4}% 31
\BOOKMARK [1][-]{section.4.11}{\376\377\146\362\163\207\145\313\221\317\124\214\201\352\145\313\174\373\145\160}{chapter.4}% 32
\BOOKMARK [1][-]{section.4.12}{\376\377\175\047\121\321\166\204\201\352\145\313\174\373\145\160\137\142\137\017}{chapter.4}% 33
\BOOKMARK [1][-]{section.4.13}{\376\377\000C\000a\000r\000t\000a\000n\145\271\154\325}{chapter.4}% 34
\BOOKMARK [1][-]{section.4.14}{\376\377\127\050\0002\000-\210\150\227\142\116\012\166\204\136\224\165\050}{chapter.4}% 35
\BOOKMARK [1][-]{section.4.15}{\376\377\201\352\145\313\164\003\214\020\121\375\145\160}{chapter.4}% 36
\BOOKMARK [0][-]{chapter.5}{\376\377\145\366\172\172\116\055\166\204\127\072}{}% 37
\BOOKMARK [1][-]{section.5.1}{\376\377\165\065\170\301\127\072\124\214\133\203\166\204\133\374\145\160\173\227\173\046}{chapter.5}% 38
\BOOKMARK [1][-]{section.5.2}{\376\377\000E\000i\000n\000s\000t\000e\000i\000n\000-\000M\000a\000x\000w\000e\000l\000l\145\271\172\013\176\304\166\204\145\313\221\317\137\142\137\017}{chapter.5}% 39
\BOOKMARK [1][-]{section.5.3}{\376\377\000R\000a\000i\000n\000i\000c\000h\147\141\116\366}{chapter.5}% 40
\BOOKMARK [1][-]{section.5.4}{\376\377\167\342\221\317\116\033}{chapter.5}% 41
\BOOKMARK [1][-]{section.5.5}{\376\377\147\150\000-\000M\000i\000l\000l\000s\127\072}{chapter.5}% 42
\BOOKMARK [1][-]{section.5.6}{\376\377\121\161\137\142\177\051\145\076}{chapter.5}% 43
\BOOKMARK [1][-]{section.5.7}{\376\377\116\000\201\364\140\047\147\141\116\366}{chapter.5}% 44
\BOOKMARK [1][-]{section.5.8}{\376\377\124\004\174\173\127\072\221\317\166\204\121\161\137\142\116\015\123\330\140\047}{chapter.5}% 45
\BOOKMARK [1][-]{section.5.9}{\376\377\127\072\166\204\174\276\170\156\226\306}{chapter.5}% 46
\BOOKMARK [1][-]{section.5.10}{\376\377\121\111\225\045\116\012\166\204\122\035\131\313\145\160\143\156}{chapter.5}% 47
\BOOKMARK [1][-]{section.5.11}{\376\377\146\076\137\017\127\072\171\357\122\006}{chapter.5}% 48
